<?xml version="1.0" encoding="utf-8"?>
<coverage line-rate="0.5957" branch-rate="0.429" version="1.9" timestamp="1759684682" lines-covered="473" lines-valid="794" branches-covered="272" branches-valid="634">
  <sources>
    <source>c:\___work\dot-net-app\src\RunnerTasks\</source>
  </sources>
  <packages>
    <package name="RunnerTasks" line-rate="0.5957" branch-rate="0.429" complexity="658">
      <classes>
        <class name="RunnerTasks.DockerClientWrapper" filename="DockerClientWrapper.cs" line-rate="0" branch-rate="0" complexity="2">
          <methods>
            <method name=".ctor" signature="(Docker.DotNet.DockerClient)" line-rate="0" branch-rate="0" complexity="2">
              <lines>
                <line number="34" hits="0" branch="False" />
                <line number="35" hits="0" branch="False" />
                <line number="36" hits="0" branch="True" condition-coverage="0% (0/2)">
                  <conditions>
                    <condition number="11" type="jump" coverage="0%" />
                  </conditions>
                </line>
                <line number="37" hits="0" branch="False" />
              </lines>
            </method>
          </methods>
          <lines>
            <line number="34" hits="0" branch="False" />
            <line number="35" hits="0" branch="False" />
            <line number="36" hits="0" branch="True" condition-coverage="0% (0/2)">
              <conditions>
                <condition number="11" type="jump" coverage="0%" />
              </conditions>
            </line>
            <line number="37" hits="0" branch="False" />
          </lines>
        </class>
        <class name="RunnerTasks.DockerClientWrapper/&lt;CreateContainerAsync&gt;d__4" filename="DockerClientWrapper.cs" line-rate="0" branch-rate="1" complexity="1">
          <methods>
            <method name="MoveNext" signature="()" line-rate="0" branch-rate="1" complexity="1">
              <lines>
                <line number="50" hits="0" branch="False" />
                <line number="51" hits="0" branch="False" />
                <line number="52" hits="0" branch="False" />
              </lines>
            </method>
          </methods>
          <lines>
            <line number="50" hits="0" branch="False" />
            <line number="51" hits="0" branch="False" />
            <line number="52" hits="0" branch="False" />
          </lines>
        </class>
        <class name="RunnerTasks.DockerClientWrapper/&lt;CreateImageAsync&gt;d__3" filename="DockerClientWrapper.cs" line-rate="0" branch-rate="1" complexity="1">
          <methods>
            <method name="MoveNext" signature="()" line-rate="0" branch-rate="1" complexity="1">
              <lines>
                <line number="45" hits="0" branch="False" />
                <line number="46" hits="0" branch="False" />
                <line number="47" hits="0" branch="False" />
              </lines>
            </method>
          </methods>
          <lines>
            <line number="45" hits="0" branch="False" />
            <line number="46" hits="0" branch="False" />
            <line number="47" hits="0" branch="False" />
          </lines>
        </class>
        <class name="RunnerTasks.DockerClientWrapper/&lt;CreateVolumeAsync&gt;d__14" filename="DockerClientWrapper.cs" line-rate="0" branch-rate="1" complexity="1">
          <methods>
            <method name="MoveNext" signature="()" line-rate="0" branch-rate="1" complexity="1">
              <lines>
                <line number="100" hits="0" branch="False" />
                <line number="101" hits="0" branch="False" />
                <line number="102" hits="0" branch="False" />
              </lines>
            </method>
          </methods>
          <lines>
            <line number="100" hits="0" branch="False" />
            <line number="101" hits="0" branch="False" />
            <line number="102" hits="0" branch="False" />
          </lines>
        </class>
        <class name="RunnerTasks.DockerClientWrapper/&lt;ExecCreateAsync&gt;d__8" filename="DockerClientWrapper.cs" line-rate="0" branch-rate="1" complexity="1">
          <methods>
            <method name="MoveNext" signature="()" line-rate="0" branch-rate="1" complexity="1">
              <lines>
                <line number="70" hits="0" branch="False" />
                <line number="71" hits="0" branch="False" />
                <line number="72" hits="0" branch="False" />
              </lines>
            </method>
          </methods>
          <lines>
            <line number="70" hits="0" branch="False" />
            <line number="71" hits="0" branch="False" />
            <line number="72" hits="0" branch="False" />
          </lines>
        </class>
        <class name="RunnerTasks.DockerClientWrapper/&lt;GetContainerLogsAsync&gt;d__6" filename="DockerClientWrapper.cs" line-rate="0" branch-rate="1" complexity="1">
          <methods>
            <method name="MoveNext" signature="()" line-rate="0" branch-rate="1" complexity="1">
              <lines>
                <line number="60" hits="0" branch="False" />
                <line number="61" hits="0" branch="False" />
                <line number="62" hits="0" branch="False" />
              </lines>
            </method>
          </methods>
          <lines>
            <line number="60" hits="0" branch="False" />
            <line number="61" hits="0" branch="False" />
            <line number="62" hits="0" branch="False" />
          </lines>
        </class>
        <class name="RunnerTasks.DockerClientWrapper/&lt;InspectContainerAsync&gt;d__11" filename="DockerClientWrapper.cs" line-rate="0" branch-rate="1" complexity="1">
          <methods>
            <method name="MoveNext" signature="()" line-rate="0" branch-rate="1" complexity="1">
              <lines>
                <line number="85" hits="0" branch="False" />
                <line number="86" hits="0" branch="False" />
                <line number="87" hits="0" branch="False" />
              </lines>
            </method>
          </methods>
          <lines>
            <line number="85" hits="0" branch="False" />
            <line number="86" hits="0" branch="False" />
            <line number="87" hits="0" branch="False" />
          </lines>
        </class>
        <class name="RunnerTasks.DockerClientWrapper/&lt;InspectExecAsync&gt;d__10" filename="DockerClientWrapper.cs" line-rate="0" branch-rate="1" complexity="1">
          <methods>
            <method name="MoveNext" signature="()" line-rate="0" branch-rate="1" complexity="1">
              <lines>
                <line number="80" hits="0" branch="False" />
                <line number="81" hits="0" branch="False" />
                <line number="82" hits="0" branch="False" />
              </lines>
            </method>
          </methods>
          <lines>
            <line number="80" hits="0" branch="False" />
            <line number="81" hits="0" branch="False" />
            <line number="82" hits="0" branch="False" />
          </lines>
        </class>
        <class name="RunnerTasks.DockerClientWrapper/&lt;ListImagesAsync&gt;d__2" filename="DockerClientWrapper.cs" line-rate="0" branch-rate="1" complexity="1">
          <methods>
            <method name="MoveNext" signature="()" line-rate="0" branch-rate="1" complexity="1">
              <lines>
                <line number="40" hits="0" branch="False" />
                <line number="41" hits="0" branch="False" />
                <line number="42" hits="0" branch="False" />
              </lines>
            </method>
          </methods>
          <lines>
            <line number="40" hits="0" branch="False" />
            <line number="41" hits="0" branch="False" />
            <line number="42" hits="0" branch="False" />
          </lines>
        </class>
        <class name="RunnerTasks.DockerClientWrapper/&lt;RemoveContainerAsync&gt;d__7" filename="DockerClientWrapper.cs" line-rate="0" branch-rate="1" complexity="1">
          <methods>
            <method name="MoveNext" signature="()" line-rate="0" branch-rate="1" complexity="1">
              <lines>
                <line number="65" hits="0" branch="False" />
                <line number="66" hits="0" branch="False" />
                <line number="67" hits="0" branch="False" />
              </lines>
            </method>
          </methods>
          <lines>
            <line number="65" hits="0" branch="False" />
            <line number="66" hits="0" branch="False" />
            <line number="67" hits="0" branch="False" />
          </lines>
        </class>
        <class name="RunnerTasks.DockerClientWrapper/&lt;RemoveVolumeAsync&gt;d__15" filename="DockerClientWrapper.cs" line-rate="0" branch-rate="1" complexity="1">
          <methods>
            <method name="MoveNext" signature="()" line-rate="0" branch-rate="1" complexity="1">
              <lines>
                <line number="105" hits="0" branch="False" />
                <line number="106" hits="0" branch="False" />
                <line number="107" hits="0" branch="False" />
              </lines>
            </method>
          </methods>
          <lines>
            <line number="105" hits="0" branch="False" />
            <line number="106" hits="0" branch="False" />
            <line number="107" hits="0" branch="False" />
          </lines>
        </class>
        <class name="RunnerTasks.DockerClientWrapper/&lt;RemoveVolumeAsync&gt;d__16" filename="DockerClientWrapper.cs" line-rate="0" branch-rate="1" complexity="1">
          <methods>
            <method name="MoveNext" signature="()" line-rate="0" branch-rate="1" complexity="1">
              <lines>
                <line number="110" hits="0" branch="False" />
                <line number="111" hits="0" branch="False" />
                <line number="112" hits="0" branch="False" />
              </lines>
            </method>
          </methods>
          <lines>
            <line number="110" hits="0" branch="False" />
            <line number="111" hits="0" branch="False" />
            <line number="112" hits="0" branch="False" />
          </lines>
        </class>
        <class name="RunnerTasks.DockerClientWrapper/&lt;StartAndAttachExecAsync&gt;d__9" filename="DockerClientWrapper.cs" line-rate="0" branch-rate="1" complexity="1">
          <methods>
            <method name="MoveNext" signature="()" line-rate="0" branch-rate="1" complexity="1">
              <lines>
                <line number="75" hits="0" branch="False" />
                <line number="76" hits="0" branch="False" />
                <line number="77" hits="0" branch="False" />
              </lines>
            </method>
          </methods>
          <lines>
            <line number="75" hits="0" branch="False" />
            <line number="76" hits="0" branch="False" />
            <line number="77" hits="0" branch="False" />
          </lines>
        </class>
        <class name="RunnerTasks.DockerClientWrapper/&lt;StartContainerAsync&gt;d__5" filename="DockerClientWrapper.cs" line-rate="0" branch-rate="1" complexity="1">
          <methods>
            <method name="MoveNext" signature="()" line-rate="0" branch-rate="1" complexity="1">
              <lines>
                <line number="55" hits="0" branch="False" />
                <line number="56" hits="0" branch="False" />
                <line number="57" hits="0" branch="False" />
              </lines>
            </method>
          </methods>
          <lines>
            <line number="55" hits="0" branch="False" />
            <line number="56" hits="0" branch="False" />
            <line number="57" hits="0" branch="False" />
          </lines>
        </class>
        <class name="RunnerTasks.DockerClientWrapper/&lt;StopContainerAsync&gt;d__12" filename="DockerClientWrapper.cs" line-rate="0" branch-rate="1" complexity="1">
          <methods>
            <method name="MoveNext" signature="()" line-rate="0" branch-rate="1" complexity="1">
              <lines>
                <line number="90" hits="0" branch="False" />
                <line number="91" hits="0" branch="False" />
                <line number="92" hits="0" branch="False" />
              </lines>
            </method>
          </methods>
          <lines>
            <line number="90" hits="0" branch="False" />
            <line number="91" hits="0" branch="False" />
            <line number="92" hits="0" branch="False" />
          </lines>
        </class>
        <class name="RunnerTasks.DockerClientWrapper/&lt;StopContainerAsync&gt;d__13" filename="DockerClientWrapper.cs" line-rate="0" branch-rate="1" complexity="1">
          <methods>
            <method name="MoveNext" signature="()" line-rate="0" branch-rate="1" complexity="1">
              <lines>
                <line number="95" hits="0" branch="False" />
                <line number="96" hits="0" branch="False" />
                <line number="97" hits="0" branch="False" />
              </lines>
            </method>
          </methods>
          <lines>
            <line number="95" hits="0" branch="False" />
            <line number="96" hits="0" branch="False" />
            <line number="97" hits="0" branch="False" />
          </lines>
        </class>
        <class name="RunnerTasks.DockerComposeRunnerService" filename="DockerComposeRunnerService.cs" line-rate="0" branch-rate="0" complexity="9">
          <methods>
            <method name="StartContainersAsync" signature="(System.String[],System.Threading.CancellationToken)" line-rate="0" branch-rate="1" complexity="1">
              <lines>
                <line number="121" hits="0" branch="False" />
              </lines>
            </method>
            <method name="StopContainersAsync" signature="(System.Threading.CancellationToken)" line-rate="0" branch-rate="1" complexity="1">
              <lines>
                <line number="122" hits="0" branch="False" />
              </lines>
            </method>
            <method name="UnregisterAsync" signature="(System.Threading.CancellationToken)" line-rate="0" branch-rate="1" complexity="1">
              <lines>
                <line number="123" hits="0" branch="False" />
              </lines>
            </method>
            <method name=".ctor" signature="(System.String,Microsoft.Extensions.Logging.ILogger`1&lt;RunnerTasks.DockerComposeRunnerService&gt;,RunnerTasks.IDockerClientWrapper)" line-rate="0" branch-rate="0" complexity="6">
              <lines>
                <line number="17" hits="0" branch="False" />
                <line number="21" hits="0" branch="False" />
                <line number="22" hits="0" branch="False" />
                <line number="23" hits="0" branch="True" condition-coverage="0% (0/2)">
                  <conditions>
                    <condition number="18" type="jump" coverage="0%" />
                  </conditions>
                </line>
                <line number="24" hits="0" branch="False" />
                <line number="26" hits="0" branch="True" condition-coverage="0% (0/2)">
                  <conditions>
                    <condition number="55" type="jump" coverage="0%" />
                  </conditions>
                </line>
                <line number="27" hits="0" branch="False" />
                <line number="28" hits="0" branch="False" />
                <line number="29" hits="0" branch="False" />
                <line number="30" hits="0" branch="True" condition-coverage="0% (0/2)">
                  <conditions>
                    <condition number="110" type="jump" coverage="0%" />
                  </conditions>
                </line>
                <line number="31" hits="0" branch="False" />
              </lines>
            </method>
          </methods>
          <lines>
            <line number="121" hits="0" branch="False" />
            <line number="122" hits="0" branch="False" />
            <line number="123" hits="0" branch="False" />
            <line number="17" hits="0" branch="False" />
            <line number="21" hits="0" branch="False" />
            <line number="22" hits="0" branch="False" />
            <line number="23" hits="0" branch="True" condition-coverage="0% (0/2)">
              <conditions>
                <condition number="18" type="jump" coverage="0%" />
              </conditions>
            </line>
            <line number="24" hits="0" branch="False" />
            <line number="26" hits="0" branch="True" condition-coverage="0% (0/2)">
              <conditions>
                <condition number="55" type="jump" coverage="0%" />
              </conditions>
            </line>
            <line number="27" hits="0" branch="False" />
            <line number="28" hits="0" branch="False" />
            <line number="29" hits="0" branch="False" />
            <line number="30" hits="0" branch="True" condition-coverage="0% (0/2)">
              <conditions>
                <condition number="110" type="jump" coverage="0%" />
              </conditions>
            </line>
            <line number="31" hits="0" branch="False" />
          </lines>
        </class>
        <class name="RunnerTasks.DockerComposeRunnerService/&lt;RegisterAsync&gt;d__8" filename="DockerComposeRunnerService.cs" line-rate="0" branch-rate="0" complexity="44">
          <methods>
            <method name="MoveNext" signature="()" line-rate="0" branch-rate="0" complexity="44">
              <lines>
                <line number="35" hits="0" branch="False" />
                <line number="36" hits="0" branch="True" condition-coverage="0% (0/2)">
                  <conditions>
                    <condition number="34" type="jump" coverage="0%" />
                  </conditions>
                </line>
                <line number="37" hits="0" branch="False" />
                <line number="38" hits="0" branch="True" condition-coverage="0% (0/2)">
                  <conditions>
                    <condition number="49" type="jump" coverage="0%" />
                  </conditions>
                </line>
                <line number="39" hits="0" branch="False" />
                <line number="43" hits="0" branch="False" />
                <line number="44" hits="0" branch="True" condition-coverage="0% (0/2)">
                  <conditions>
                    <condition number="140" type="jump" coverage="0%" />
                  </conditions>
                </line>
                <line number="45" hits="0" branch="False" />
                <line number="47" hits="0" branch="False" />
                <line number="48" hits="0" branch="False" />
                <line number="49" hits="0" branch="False" />
                <line number="50" hits="0" branch="False" />
                <line number="51" hits="0" branch="False" />
                <line number="52" hits="0" branch="False" />
                <line number="54" hits="0" branch="False" />
                <line number="55" hits="0" branch="False" />
                <line number="56" hits="0" branch="False" />
                <line number="57" hits="0" branch="False" />
                <line number="58" hits="0" branch="False" />
                <line number="59" hits="0" branch="False" />
                <line number="60" hits="0" branch="False" />
                <line number="61" hits="0" branch="False" />
                <line number="62" hits="0" branch="False" />
                <line number="63" hits="0" branch="False" />
                <line number="64" hits="0" branch="False" />
                <line number="65" hits="0" branch="False" />
                <line number="66" hits="0" branch="False" />
                <line number="67" hits="0" branch="False" />
                <line number="68" hits="0" branch="False" />
                <line number="70" hits="0" branch="True" condition-coverage="0% (0/2)">
                  <conditions>
                    <condition number="423" type="jump" coverage="0%" />
                  </conditions>
                </line>
                <line number="71" hits="0" branch="False" />
                <line number="72" hits="0" branch="False" />
                <line number="73" hits="0" branch="False" />
                <line number="74" hits="0" branch="False" />
                <line number="75" hits="0" branch="False" />
                <line number="76" hits="0" branch="False" />
                <line number="77" hits="0" branch="False" />
                <line number="78" hits="0" branch="False" />
                <line number="79" hits="0" branch="False" />
                <line number="80" hits="0" branch="False" />
                <line number="81" hits="0" branch="False" />
                <line number="82" hits="0" branch="False" />
                <line number="83" hits="0" branch="False" />
                <line number="84" hits="0" branch="False" />
                <line number="85" hits="0" branch="False" />
                <line number="86" hits="0" branch="False" />
                <line number="88" hits="0" branch="True" condition-coverage="0% (0/4)">
                  <conditions>
                    <condition number="908" type="jump" coverage="0%" />
                    <condition number="1272" type="jump" coverage="0%" />
                  </conditions>
                </line>
                <line number="89" hits="0" branch="False" />
                <line number="90" hits="0" branch="False" />
                <line number="91" hits="0" branch="False" />
                <line number="92" hits="0" branch="False" />
                <line number="94" hits="0" branch="False" />
                <line number="95" hits="0" branch="False" />
                <line number="96" hits="0" branch="False" />
                <line number="97" hits="0" branch="True" condition-coverage="0% (0/14)">
                  <conditions>
                    <condition number="1393" type="jump" coverage="0%" />
                    <condition number="1465" type="jump" coverage="0%" />
                    <condition number="1616" type="jump" coverage="0%" />
                    <condition number="1677" type="jump" coverage="0%" />
                    <condition number="1755" type="jump" coverage="0%" />
                    <condition number="1788" type="jump" coverage="0%" />
                    <condition number="1874" type="jump" coverage="0%" />
                  </conditions>
                </line>
                <line number="98" hits="0" branch="True" condition-coverage="0% (0/6)">
                  <conditions>
                    <condition number="1977" type="jump" coverage="0%" />
                    <condition number="2038" type="jump" coverage="0%" />
                    <condition number="2124" type="jump" coverage="0%" />
                  </conditions>
                </line>
                <line number="99" hits="0" branch="True" condition-coverage="0% (0/4)">
                  <conditions>
                    <condition number="2137" type="jump" coverage="0%" />
                    <condition number="2198" type="jump" coverage="0%" />
                  </conditions>
                </line>
                <line number="100" hits="0" branch="True" condition-coverage="0% (0/2)">
                  <conditions>
                    <condition number="2298" type="jump" coverage="0%" />
                  </conditions>
                </line>
                <line number="101" hits="0" branch="False" />
                <line number="102" hits="0" branch="False" />
                <line number="103" hits="0" branch="True" condition-coverage="0% (0/2)">
                  <conditions>
                    <condition number="2342" type="jump" coverage="0%" />
                  </conditions>
                </line>
                <line number="104" hits="0" branch="False" />
                <line number="105" hits="0" branch="False" />
                <line number="106" hits="0" branch="False" />
                <line number="107" hits="0" branch="False" />
                <line number="108" hits="0" branch="True" condition-coverage="0% (0/2)">
                  <conditions>
                    <condition number="2432" type="jump" coverage="0%" />
                  </conditions>
                </line>
                <line number="109" hits="0" branch="False" />
                <line number="111" hits="0" branch="False" />
                <line number="113" hits="0" branch="False" />
                <line number="114" hits="0" branch="False" />
                <line number="115" hits="0" branch="True" condition-coverage="0% (0/2)">
                  <conditions>
                    <condition number="2538" type="jump" coverage="0%" />
                  </conditions>
                </line>
                <line number="116" hits="0" branch="False" />
                <line number="118" hits="0" branch="False" />
              </lines>
            </method>
          </methods>
          <lines>
            <line number="35" hits="0" branch="False" />
            <line number="36" hits="0" branch="True" condition-coverage="0% (0/2)">
              <conditions>
                <condition number="34" type="jump" coverage="0%" />
              </conditions>
            </line>
            <line number="37" hits="0" branch="False" />
            <line number="38" hits="0" branch="True" condition-coverage="0% (0/2)">
              <conditions>
                <condition number="49" type="jump" coverage="0%" />
              </conditions>
            </line>
            <line number="39" hits="0" branch="False" />
            <line number="43" hits="0" branch="False" />
            <line number="44" hits="0" branch="True" condition-coverage="0% (0/2)">
              <conditions>
                <condition number="140" type="jump" coverage="0%" />
              </conditions>
            </line>
            <line number="45" hits="0" branch="False" />
            <line number="47" hits="0" branch="False" />
            <line number="48" hits="0" branch="False" />
            <line number="49" hits="0" branch="False" />
            <line number="50" hits="0" branch="False" />
            <line number="51" hits="0" branch="False" />
            <line number="52" hits="0" branch="False" />
            <line number="54" hits="0" branch="False" />
            <line number="55" hits="0" branch="False" />
            <line number="56" hits="0" branch="False" />
            <line number="57" hits="0" branch="False" />
            <line number="58" hits="0" branch="False" />
            <line number="59" hits="0" branch="False" />
            <line number="60" hits="0" branch="False" />
            <line number="61" hits="0" branch="False" />
            <line number="62" hits="0" branch="False" />
            <line number="63" hits="0" branch="False" />
            <line number="64" hits="0" branch="False" />
            <line number="65" hits="0" branch="False" />
            <line number="66" hits="0" branch="False" />
            <line number="67" hits="0" branch="False" />
            <line number="68" hits="0" branch="False" />
            <line number="70" hits="0" branch="True" condition-coverage="0% (0/2)">
              <conditions>
                <condition number="423" type="jump" coverage="0%" />
              </conditions>
            </line>
            <line number="71" hits="0" branch="False" />
            <line number="72" hits="0" branch="False" />
            <line number="73" hits="0" branch="False" />
            <line number="74" hits="0" branch="False" />
            <line number="75" hits="0" branch="False" />
            <line number="76" hits="0" branch="False" />
            <line number="77" hits="0" branch="False" />
            <line number="78" hits="0" branch="False" />
            <line number="79" hits="0" branch="False" />
            <line number="80" hits="0" branch="False" />
            <line number="81" hits="0" branch="False" />
            <line number="82" hits="0" branch="False" />
            <line number="83" hits="0" branch="False" />
            <line number="84" hits="0" branch="False" />
            <line number="85" hits="0" branch="False" />
            <line number="86" hits="0" branch="False" />
            <line number="88" hits="0" branch="True" condition-coverage="0% (0/4)">
              <conditions>
                <condition number="908" type="jump" coverage="0%" />
                <condition number="1272" type="jump" coverage="0%" />
              </conditions>
            </line>
            <line number="89" hits="0" branch="False" />
            <line number="90" hits="0" branch="False" />
            <line number="91" hits="0" branch="False" />
            <line number="92" hits="0" branch="False" />
            <line number="94" hits="0" branch="False" />
            <line number="95" hits="0" branch="False" />
            <line number="96" hits="0" branch="False" />
            <line number="97" hits="0" branch="True" condition-coverage="0% (0/14)">
              <conditions>
                <condition number="1393" type="jump" coverage="0%" />
                <condition number="1465" type="jump" coverage="0%" />
                <condition number="1616" type="jump" coverage="0%" />
                <condition number="1677" type="jump" coverage="0%" />
                <condition number="1755" type="jump" coverage="0%" />
                <condition number="1788" type="jump" coverage="0%" />
                <condition number="1874" type="jump" coverage="0%" />
              </conditions>
            </line>
            <line number="98" hits="0" branch="True" condition-coverage="0% (0/6)">
              <conditions>
                <condition number="1977" type="jump" coverage="0%" />
                <condition number="2038" type="jump" coverage="0%" />
                <condition number="2124" type="jump" coverage="0%" />
              </conditions>
            </line>
            <line number="99" hits="0" branch="True" condition-coverage="0% (0/4)">
              <conditions>
                <condition number="2137" type="jump" coverage="0%" />
                <condition number="2198" type="jump" coverage="0%" />
              </conditions>
            </line>
            <line number="100" hits="0" branch="True" condition-coverage="0% (0/2)">
              <conditions>
                <condition number="2298" type="jump" coverage="0%" />
              </conditions>
            </line>
            <line number="101" hits="0" branch="False" />
            <line number="102" hits="0" branch="False" />
            <line number="103" hits="0" branch="True" condition-coverage="0% (0/2)">
              <conditions>
                <condition number="2342" type="jump" coverage="0%" />
              </conditions>
            </line>
            <line number="104" hits="0" branch="False" />
            <line number="105" hits="0" branch="False" />
            <line number="106" hits="0" branch="False" />
            <line number="107" hits="0" branch="False" />
            <line number="108" hits="0" branch="True" condition-coverage="0% (0/2)">
              <conditions>
                <condition number="2432" type="jump" coverage="0%" />
              </conditions>
            </line>
            <line number="109" hits="0" branch="False" />
            <line number="111" hits="0" branch="False" />
            <line number="113" hits="0" branch="False" />
            <line number="114" hits="0" branch="False" />
            <line number="115" hits="0" branch="True" condition-coverage="0% (0/2)">
              <conditions>
                <condition number="2538" type="jump" coverage="0%" />
              </conditions>
            </line>
            <line number="116" hits="0" branch="False" />
            <line number="118" hits="0" branch="False" />
          </lines>
        </class>
        <class name="RunnerTasks.DockerDotNetRunnerService" filename="DockerDotNetRunnerService.cs" line-rate="0.7368000000000001" branch-rate="0.3" complexity="14">
          <methods>
            <method name="Test_SetInternalState" signature="(System.String,System.String)" line-rate="1" branch-rate="1" complexity="1">
              <lines>
                <line number="717" hits="6" branch="False" />
                <line number="718" hits="6" branch="False" />
                <line number="719" hits="6" branch="False" />
                <line number="720" hits="6" branch="False" />
              </lines>
            </method>
            <method name="Test_GetInternalState" signature="()" line-rate="1" branch-rate="1" complexity="1">
              <lines>
                <line number="723" hits="1" branch="False" />
                <line number="724" hits="1" branch="False" />
                <line number="725" hits="1" branch="False" />
              </lines>
            </method>
            <method name="Test_SetImageTag" signature="(System.String)" line-rate="1" branch-rate="1" complexity="1">
              <lines>
                <line number="728" hits="4" branch="False" />
                <line number="729" hits="4" branch="False" />
                <line number="730" hits="4" branch="False" />
              </lines>
            </method>
            <method name="Test_SetLogWaitTimeout" signature="(System.TimeSpan)" line-rate="1" branch-rate="1" complexity="1">
              <lines>
                <line number="733" hits="4" branch="False" />
                <line number="736" hits="4" branch="False" />
                <line number="737" hits="4" branch="False" />
              </lines>
            </method>
            <method name=".ctor" signature="(System.String,Microsoft.Extensions.Logging.ILogger`1&lt;RunnerTasks.DockerDotNetRunnerService&gt;)" line-rate="0.3333" branch-rate="0" complexity="4">
              <lines>
                <line number="25" hits="11" branch="False" />
                <line number="26" hits="11" branch="False" />
                <line number="27" hits="11" branch="False" />
                <line number="28" hits="11" branch="False" />
                <line number="29" hits="11" branch="False" />
                <line number="32" hits="0" branch="False" />
                <line number="33" hits="0" branch="False" />
                <line number="34" hits="0" branch="True" condition-coverage="0% (0/2)">
                  <conditions>
                    <condition number="72" type="jump" coverage="0%" />
                  </conditions>
                </line>
                <line number="35" hits="0" branch="False" />
                <line number="37" hits="0" branch="True" condition-coverage="0% (0/2)">
                  <conditions>
                    <condition number="109" type="jump" coverage="0%" />
                  </conditions>
                </line>
                <line number="38" hits="0" branch="False" />
                <line number="39" hits="0" branch="False" />
                <line number="41" hits="0" branch="False" />
                <line number="42" hits="0" branch="False" />
                <line number="43" hits="0" branch="False" />
              </lines>
            </method>
            <method name=".ctor" signature="(System.String,RunnerTasks.IDockerClientWrapper,Microsoft.Extensions.Logging.ILogger`1&lt;RunnerTasks.DockerDotNetRunnerService&gt;)" line-rate="1" branch-rate="0.5" complexity="6">
              <lines>
                <line number="46" hits="11" branch="False" />
                <line number="47" hits="11" branch="False" />
                <line number="48" hits="11" branch="True" condition-coverage="50% (1/2)">
                  <conditions>
                    <condition number="72" type="jump" coverage="50%" />
                  </conditions>
                </line>
                <line number="49" hits="11" branch="False" />
                <line number="50" hits="11" branch="True" condition-coverage="50% (1/2)">
                  <conditions>
                    <condition number="109" type="jump" coverage="50%" />
                  </conditions>
                </line>
                <line number="51" hits="11" branch="False" />
                <line number="52" hits="11" branch="False" />
                <line number="53" hits="11" branch="False" />
                <line number="54" hits="11" branch="True" condition-coverage="50% (1/2)">
                  <conditions>
                    <condition number="164" type="jump" coverage="50%" />
                  </conditions>
                </line>
                <line number="55" hits="11" branch="False" />
              </lines>
            </method>
          </methods>
          <lines>
            <line number="717" hits="6" branch="False" />
            <line number="718" hits="6" branch="False" />
            <line number="719" hits="6" branch="False" />
            <line number="720" hits="6" branch="False" />
            <line number="723" hits="1" branch="False" />
            <line number="724" hits="1" branch="False" />
            <line number="725" hits="1" branch="False" />
            <line number="728" hits="4" branch="False" />
            <line number="729" hits="4" branch="False" />
            <line number="730" hits="4" branch="False" />
            <line number="733" hits="4" branch="False" />
            <line number="736" hits="4" branch="False" />
            <line number="737" hits="4" branch="False" />
            <line number="25" hits="11" branch="False" />
            <line number="26" hits="11" branch="False" />
            <line number="27" hits="11" branch="False" />
            <line number="28" hits="11" branch="False" />
            <line number="29" hits="11" branch="False" />
            <line number="32" hits="0" branch="False" />
            <line number="33" hits="0" branch="False" />
            <line number="34" hits="0" branch="True" condition-coverage="0% (0/2)">
              <conditions>
                <condition number="72" type="jump" coverage="0%" />
              </conditions>
            </line>
            <line number="35" hits="0" branch="False" />
            <line number="37" hits="0" branch="True" condition-coverage="0% (0/2)">
              <conditions>
                <condition number="109" type="jump" coverage="0%" />
              </conditions>
            </line>
            <line number="38" hits="0" branch="False" />
            <line number="39" hits="0" branch="False" />
            <line number="41" hits="0" branch="False" />
            <line number="42" hits="0" branch="False" />
            <line number="43" hits="0" branch="False" />
            <line number="46" hits="11" branch="False" />
            <line number="47" hits="11" branch="False" />
            <line number="48" hits="11" branch="True" condition-coverage="50% (1/2)">
              <conditions>
                <condition number="72" type="jump" coverage="50%" />
              </conditions>
            </line>
            <line number="49" hits="11" branch="False" />
            <line number="50" hits="11" branch="True" condition-coverage="50% (1/2)">
              <conditions>
                <condition number="109" type="jump" coverage="50%" />
              </conditions>
            </line>
            <line number="51" hits="11" branch="False" />
            <line number="52" hits="11" branch="False" />
            <line number="53" hits="11" branch="False" />
            <line number="54" hits="11" branch="True" condition-coverage="50% (1/2)">
              <conditions>
                <condition number="164" type="jump" coverage="50%" />
              </conditions>
            </line>
            <line number="55" hits="11" branch="False" />
          </lines>
        </class>
        <class name="RunnerTasks.DockerDotNetRunnerService/&lt;&gt;c__DisplayClass12_0" filename="DockerDotNetRunnerService.cs" line-rate="1" branch-rate="0.75" complexity="4">
          <methods>
            <method name="&lt;StartContainersAsync&gt;b__1" signature="(Docker.DotNet.Models.ImagesListResponse)" line-rate="1" branch-rate="0.75" complexity="4">
              <lines>
                <line number="69" hits="9" branch="True" condition-coverage="75% (3/4)">
                  <conditions>
                    <condition number="7" type="jump" coverage="50%" />
                    <condition number="22" type="jump" coverage="100%" />
                  </conditions>
                </line>
              </lines>
            </method>
          </methods>
          <lines>
            <line number="69" hits="9" branch="True" condition-coverage="75% (3/4)">
              <conditions>
                <condition number="7" type="jump" coverage="50%" />
                <condition number="22" type="jump" coverage="100%" />
              </conditions>
            </line>
          </lines>
        </class>
        <class name="RunnerTasks.DockerDotNetRunnerService/&lt;&gt;c__DisplayClass12_0/&lt;&lt;StartContainersAsync&gt;b__0&gt;d" filename="DockerDotNetRunnerService.cs" line-rate="0.5142" branch-rate="0.4411" complexity="68">
          <methods>
            <method name="MoveNext" signature="()" line-rate="0.5142" branch-rate="0.4411" complexity="68">
              <lines>
                <line number="166" hits="1" branch="False" />
                <line number="167" hits="1" branch="False" />
                <line number="169" hits="1" branch="False" />
                <line number="171" hits="1" branch="True" condition-coverage="100% (6/6)">
                  <conditions>
                    <condition number="61" type="jump" coverage="100%" />
                    <condition number="139" type="jump" coverage="100%" />
                    <condition number="231" type="jump" coverage="100%" />
                  </conditions>
                </line>
                <line number="172" hits="1" branch="True" condition-coverage="75% (3/4)">
                  <conditions>
                    <condition number="398" type="jump" coverage="100%" />
                    <condition number="474" type="jump" coverage="50%" />
                  </conditions>
                </line>
                <line number="173" hits="0" branch="False" />
                <line number="174" hits="0" branch="False" />
                <line number="175" hits="0" branch="False" />
                <line number="176" hits="0" branch="False" />
                <line number="177" hits="0" branch="True" condition-coverage="0% (0/14)">
                  <conditions>
                    <condition number="508" type="jump" coverage="0%" />
                    <condition number="580" type="jump" coverage="0%" />
                    <condition number="735" type="jump" coverage="0%" />
                    <condition number="796" type="jump" coverage="0%" />
                    <condition number="873" type="jump" coverage="0%" />
                    <condition number="902" type="jump" coverage="0%" />
                    <condition number="985" type="jump" coverage="0%" />
                  </conditions>
                </line>
                <line number="178" hits="0" branch="False" />
                <line number="179" hits="0" branch="True" condition-coverage="0% (0/4)">
                  <conditions>
                    <condition number="1103" type="jump" coverage="0%" />
                    <condition number="1164" type="jump" coverage="0%" />
                  </conditions>
                </line>
                <line number="180" hits="0" branch="True" condition-coverage="0% (0/8)">
                  <conditions>
                    <condition number="1267" type="jump" coverage="0%" />
                    <condition number="1328" type="jump" coverage="0%" />
                    <condition number="1430" type="jump" coverage="0%" />
                    <condition number="1491" type="jump" coverage="0%" />
                  </conditions>
                </line>
                <line number="181" hits="0" branch="True" condition-coverage="0% (0/2)">
                  <conditions>
                    <condition number="1600" type="jump" coverage="0%" />
                  </conditions>
                </line>
                <line number="182" hits="0" branch="True" condition-coverage="0% (0/2)">
                  <conditions>
                    <condition number="1620" type="jump" coverage="0%" />
                  </conditions>
                </line>
                <line number="183" hits="0" branch="False" />
                <line number="184" hits="0" branch="True" condition-coverage="0% (0/2)">
                  <conditions>
                    <condition number="1696" type="jump" coverage="0%" />
                  </conditions>
                </line>
                <line number="185" hits="0" branch="False" />
                <line number="186" hits="0" branch="False" />
                <line number="187" hits="0" branch="False" />
                <line number="189" hits="1" branch="False" />
                <line number="190" hits="2" branch="False" />
                <line number="191" hits="2" branch="False" />
                <line number="192" hits="2" branch="True" condition-coverage="83.33% (15/18)">
                  <conditions>
                    <condition number="1804" type="jump" coverage="100%" />
                    <condition number="1876" type="jump" coverage="100%" />
                    <condition number="1948" type="jump" coverage="100%" />
                    <condition number="2030" type="jump" coverage="100%" />
                    <condition number="2197" type="jump" coverage="100%" />
                    <condition number="2258" type="jump" coverage="100%" />
                    <condition number="2336" type="jump" coverage="50%" />
                    <condition number="2367" type="jump" coverage="0%" />
                    <condition number="2452" type="jump" coverage="100%" />
                  </conditions>
                </line>
                <line number="193" hits="3" branch="True" condition-coverage="100% (2/2)">
                  <conditions>
                    <condition number="2594" type="jump" coverage="100%" />
                  </conditions>
                </line>
                <line number="194" hits="6" branch="True" condition-coverage="100% (2/2)">
                  <conditions>
                    <condition number="2672" type="jump" coverage="100%" />
                  </conditions>
                </line>
                <line number="195" hits="1" branch="False" />
                <line number="196" hits="1" branch="False" />
                <line number="197" hits="1" branch="False" />
                <line number="198" hits="0" branch="False" />
                <line number="199" hits="0" branch="True" condition-coverage="0% (0/2)">
                  <conditions>
                    <condition number="2791" type="jump" coverage="0%" />
                  </conditions>
                </line>
                <line number="201" hits="1" branch="False" />
                <line number="202" hits="3" branch="True" condition-coverage="100% (2/2)">
                  <conditions>
                    <condition number="2834" type="jump" coverage="100%" />
                  </conditions>
                </line>
                <line number="203" hits="1" branch="False" />
                <line number="204" hits="2" branch="False" />
              </lines>
            </method>
          </methods>
          <lines>
            <line number="166" hits="1" branch="False" />
            <line number="167" hits="1" branch="False" />
            <line number="169" hits="1" branch="False" />
            <line number="171" hits="1" branch="True" condition-coverage="100% (6/6)">
              <conditions>
                <condition number="61" type="jump" coverage="100%" />
                <condition number="139" type="jump" coverage="100%" />
                <condition number="231" type="jump" coverage="100%" />
              </conditions>
            </line>
            <line number="172" hits="1" branch="True" condition-coverage="75% (3/4)">
              <conditions>
                <condition number="398" type="jump" coverage="100%" />
                <condition number="474" type="jump" coverage="50%" />
              </conditions>
            </line>
            <line number="173" hits="0" branch="False" />
            <line number="174" hits="0" branch="False" />
            <line number="175" hits="0" branch="False" />
            <line number="176" hits="0" branch="False" />
            <line number="177" hits="0" branch="True" condition-coverage="0% (0/14)">
              <conditions>
                <condition number="508" type="jump" coverage="0%" />
                <condition number="580" type="jump" coverage="0%" />
                <condition number="735" type="jump" coverage="0%" />
                <condition number="796" type="jump" coverage="0%" />
                <condition number="873" type="jump" coverage="0%" />
                <condition number="902" type="jump" coverage="0%" />
                <condition number="985" type="jump" coverage="0%" />
              </conditions>
            </line>
            <line number="178" hits="0" branch="False" />
            <line number="179" hits="0" branch="True" condition-coverage="0% (0/4)">
              <conditions>
                <condition number="1103" type="jump" coverage="0%" />
                <condition number="1164" type="jump" coverage="0%" />
              </conditions>
            </line>
            <line number="180" hits="0" branch="True" condition-coverage="0% (0/8)">
              <conditions>
                <condition number="1267" type="jump" coverage="0%" />
                <condition number="1328" type="jump" coverage="0%" />
                <condition number="1430" type="jump" coverage="0%" />
                <condition number="1491" type="jump" coverage="0%" />
              </conditions>
            </line>
            <line number="181" hits="0" branch="True" condition-coverage="0% (0/2)">
              <conditions>
                <condition number="1600" type="jump" coverage="0%" />
              </conditions>
            </line>
            <line number="182" hits="0" branch="True" condition-coverage="0% (0/2)">
              <conditions>
                <condition number="1620" type="jump" coverage="0%" />
              </conditions>
            </line>
            <line number="183" hits="0" branch="False" />
            <line number="184" hits="0" branch="True" condition-coverage="0% (0/2)">
              <conditions>
                <condition number="1696" type="jump" coverage="0%" />
              </conditions>
            </line>
            <line number="185" hits="0" branch="False" />
            <line number="186" hits="0" branch="False" />
            <line number="187" hits="0" branch="False" />
            <line number="189" hits="1" branch="False" />
            <line number="190" hits="2" branch="False" />
            <line number="191" hits="2" branch="False" />
            <line number="192" hits="2" branch="True" condition-coverage="83.33% (15/18)">
              <conditions>
                <condition number="1804" type="jump" coverage="100%" />
                <condition number="1876" type="jump" coverage="100%" />
                <condition number="1948" type="jump" coverage="100%" />
                <condition number="2030" type="jump" coverage="100%" />
                <condition number="2197" type="jump" coverage="100%" />
                <condition number="2258" type="jump" coverage="100%" />
                <condition number="2336" type="jump" coverage="50%" />
                <condition number="2367" type="jump" coverage="0%" />
                <condition number="2452" type="jump" coverage="100%" />
              </conditions>
            </line>
            <line number="193" hits="3" branch="True" condition-coverage="100% (2/2)">
              <conditions>
                <condition number="2594" type="jump" coverage="100%" />
              </conditions>
            </line>
            <line number="194" hits="6" branch="True" condition-coverage="100% (2/2)">
              <conditions>
                <condition number="2672" type="jump" coverage="100%" />
              </conditions>
            </line>
            <line number="195" hits="1" branch="False" />
            <line number="196" hits="1" branch="False" />
            <line number="197" hits="1" branch="False" />
            <line number="198" hits="0" branch="False" />
            <line number="199" hits="0" branch="True" condition-coverage="0% (0/2)">
              <conditions>
                <condition number="2791" type="jump" coverage="0%" />
              </conditions>
            </line>
            <line number="201" hits="1" branch="False" />
            <line number="202" hits="3" branch="True" condition-coverage="100% (2/2)">
              <conditions>
                <condition number="2834" type="jump" coverage="100%" />
              </conditions>
            </line>
            <line number="203" hits="1" branch="False" />
            <line number="204" hits="2" branch="False" />
          </lines>
        </class>
        <class name="RunnerTasks.DockerDotNetRunnerService/&lt;&gt;c__DisplayClass13_2/&lt;&lt;RegisterAsync&gt;b__0&gt;d" filename="DockerDotNetRunnerService.cs" line-rate="0.647" branch-rate="0.4218" complexity="64">
          <methods>
            <method name="MoveNext" signature="()" line-rate="0.647" branch-rate="0.4218" complexity="64">
              <lines>
                <line number="327" hits="3" branch="False" />
                <line number="329" hits="3" branch="False" />
                <line number="330" hits="3" branch="True" condition-coverage="100% (2/2)">
                  <conditions>
                    <condition number="45" type="jump" coverage="100%" />
                  </conditions>
                </line>
                <line number="331" hits="3" branch="True" condition-coverage="100% (4/4)">
                  <conditions>
                    <condition number="144" type="jump" coverage="100%" />
                    <condition number="222" type="jump" coverage="100%" />
                  </conditions>
                </line>
                <line number="332" hits="3" branch="False" />
                <line number="333" hits="3" branch="True" condition-coverage="75% (3/4)">
                  <conditions>
                    <condition number="421" type="jump" coverage="100%" />
                    <condition number="497" type="jump" coverage="50%" />
                  </conditions>
                </line>
                <line number="334" hits="0" branch="False" />
                <line number="335" hits="0" branch="False" />
                <line number="336" hits="0" branch="False" />
                <line number="337" hits="0" branch="True" condition-coverage="0% (0/14)">
                  <conditions>
                    <condition number="514" type="jump" coverage="0%" />
                    <condition number="586" type="jump" coverage="0%" />
                    <condition number="761" type="jump" coverage="0%" />
                    <condition number="822" type="jump" coverage="0%" />
                    <condition number="899" type="jump" coverage="0%" />
                    <condition number="928" type="jump" coverage="0%" />
                    <condition number="1011" type="jump" coverage="0%" />
                  </conditions>
                </line>
                <line number="338" hits="0" branch="False" />
                <line number="339" hits="0" branch="True" condition-coverage="0% (0/4)">
                  <conditions>
                    <condition number="1129" type="jump" coverage="0%" />
                    <condition number="1190" type="jump" coverage="0%" />
                  </conditions>
                </line>
                <line number="340" hits="0" branch="True" condition-coverage="0% (0/8)">
                  <conditions>
                    <condition number="1293" type="jump" coverage="0%" />
                    <condition number="1354" type="jump" coverage="0%" />
                    <condition number="1456" type="jump" coverage="0%" />
                    <condition number="1517" type="jump" coverage="0%" />
                  </conditions>
                </line>
                <line number="341" hits="0" branch="True" condition-coverage="0% (0/2)">
                  <conditions>
                    <condition number="1626" type="jump" coverage="0%" />
                  </conditions>
                </line>
                <line number="342" hits="0" branch="True" condition-coverage="0% (0/4)">
                  <conditions>
                    <condition number="1646" type="jump" coverage="0%" />
                    <condition number="1737" type="jump" coverage="0%" />
                  </conditions>
                </line>
                <line number="343" hits="0" branch="False" />
                <line number="344" hits="0" branch="False" />
                <line number="346" hits="3" branch="False" />
                <line number="347" hits="4" branch="False" />
                <line number="348" hits="4" branch="False" />
                <line number="349" hits="4" branch="True" condition-coverage="78.57% (11/14)">
                  <conditions>
                    <condition number="1848" type="jump" coverage="100%" />
                    <condition number="1920" type="jump" coverage="100%" />
                    <condition number="2096" type="jump" coverage="100%" />
                    <condition number="2157" type="jump" coverage="100%" />
                    <condition number="2235" type="jump" coverage="50%" />
                    <condition number="2266" type="jump" coverage="0%" />
                    <condition number="2351" type="jump" coverage="100%" />
                  </conditions>
                </line>
                <line number="350" hits="3" branch="True" condition-coverage="100% (2/2)">
                  <conditions>
                    <condition number="2455" type="jump" coverage="100%" />
                  </conditions>
                </line>
                <line number="351" hits="5" branch="True" condition-coverage="100% (2/2)">
                  <conditions>
                    <condition number="2540" type="jump" coverage="100%" />
                  </conditions>
                </line>
                <line number="352" hits="6" branch="True" condition-coverage="100% (2/2)">
                  <conditions>
                    <condition number="2633" type="jump" coverage="100%" />
                  </conditions>
                </line>
                <line number="353" hits="1" branch="False" />
                <line number="354" hits="2" branch="False" />
                <line number="355" hits="2" branch="False" />
                <line number="356" hits="0" branch="False" />
                <line number="357" hits="1" branch="False" />
                <line number="358" hits="1" branch="False" />
                <line number="359" hits="1" branch="True" condition-coverage="50% (1/2)">
                  <conditions>
                    <condition number="2793" type="jump" coverage="50%" />
                  </conditions>
                </line>
                <line number="360" hits="1" branch="False" />
                <line number="361" hits="9" branch="False" />
                <line number="362" hits="6" branch="False" />
              </lines>
            </method>
          </methods>
          <lines>
            <line number="327" hits="3" branch="False" />
            <line number="329" hits="3" branch="False" />
            <line number="330" hits="3" branch="True" condition-coverage="100% (2/2)">
              <conditions>
                <condition number="45" type="jump" coverage="100%" />
              </conditions>
            </line>
            <line number="331" hits="3" branch="True" condition-coverage="100% (4/4)">
              <conditions>
                <condition number="144" type="jump" coverage="100%" />
                <condition number="222" type="jump" coverage="100%" />
              </conditions>
            </line>
            <line number="332" hits="3" branch="False" />
            <line number="333" hits="3" branch="True" condition-coverage="75% (3/4)">
              <conditions>
                <condition number="421" type="jump" coverage="100%" />
                <condition number="497" type="jump" coverage="50%" />
              </conditions>
            </line>
            <line number="334" hits="0" branch="False" />
            <line number="335" hits="0" branch="False" />
            <line number="336" hits="0" branch="False" />
            <line number="337" hits="0" branch="True" condition-coverage="0% (0/14)">
              <conditions>
                <condition number="514" type="jump" coverage="0%" />
                <condition number="586" type="jump" coverage="0%" />
                <condition number="761" type="jump" coverage="0%" />
                <condition number="822" type="jump" coverage="0%" />
                <condition number="899" type="jump" coverage="0%" />
                <condition number="928" type="jump" coverage="0%" />
                <condition number="1011" type="jump" coverage="0%" />
              </conditions>
            </line>
            <line number="338" hits="0" branch="False" />
            <line number="339" hits="0" branch="True" condition-coverage="0% (0/4)">
              <conditions>
                <condition number="1129" type="jump" coverage="0%" />
                <condition number="1190" type="jump" coverage="0%" />
              </conditions>
            </line>
            <line number="340" hits="0" branch="True" condition-coverage="0% (0/8)">
              <conditions>
                <condition number="1293" type="jump" coverage="0%" />
                <condition number="1354" type="jump" coverage="0%" />
                <condition number="1456" type="jump" coverage="0%" />
                <condition number="1517" type="jump" coverage="0%" />
              </conditions>
            </line>
            <line number="341" hits="0" branch="True" condition-coverage="0% (0/2)">
              <conditions>
                <condition number="1626" type="jump" coverage="0%" />
              </conditions>
            </line>
            <line number="342" hits="0" branch="True" condition-coverage="0% (0/4)">
              <conditions>
                <condition number="1646" type="jump" coverage="0%" />
                <condition number="1737" type="jump" coverage="0%" />
              </conditions>
            </line>
            <line number="343" hits="0" branch="False" />
            <line number="344" hits="0" branch="False" />
            <line number="346" hits="3" branch="False" />
            <line number="347" hits="4" branch="False" />
            <line number="348" hits="4" branch="False" />
            <line number="349" hits="4" branch="True" condition-coverage="78.57% (11/14)">
              <conditions>
                <condition number="1848" type="jump" coverage="100%" />
                <condition number="1920" type="jump" coverage="100%" />
                <condition number="2096" type="jump" coverage="100%" />
                <condition number="2157" type="jump" coverage="100%" />
                <condition number="2235" type="jump" coverage="50%" />
                <condition number="2266" type="jump" coverage="0%" />
                <condition number="2351" type="jump" coverage="100%" />
              </conditions>
            </line>
            <line number="350" hits="3" branch="True" condition-coverage="100% (2/2)">
              <conditions>
                <condition number="2455" type="jump" coverage="100%" />
              </conditions>
            </line>
            <line number="351" hits="5" branch="True" condition-coverage="100% (2/2)">
              <conditions>
                <condition number="2540" type="jump" coverage="100%" />
              </conditions>
            </line>
            <line number="352" hits="6" branch="True" condition-coverage="100% (2/2)">
              <conditions>
                <condition number="2633" type="jump" coverage="100%" />
              </conditions>
            </line>
            <line number="353" hits="1" branch="False" />
            <line number="354" hits="2" branch="False" />
            <line number="355" hits="2" branch="False" />
            <line number="356" hits="0" branch="False" />
            <line number="357" hits="1" branch="False" />
            <line number="358" hits="1" branch="False" />
            <line number="359" hits="1" branch="True" condition-coverage="50% (1/2)">
              <conditions>
                <condition number="2793" type="jump" coverage="50%" />
              </conditions>
            </line>
            <line number="360" hits="1" branch="False" />
            <line number="361" hits="9" branch="False" />
            <line number="362" hits="6" branch="False" />
          </lines>
        </class>
        <class name="RunnerTasks.DockerDotNetRunnerService/&lt;&gt;c__DisplayClass14_0" filename="DockerDotNetRunnerService.cs" line-rate="1" branch-rate="0" complexity="4">
          <methods>
            <method name="&lt;RunOneOffContainerAsync&gt;b__0" signature="(Docker.DotNet.Models.ImagesListResponse)" line-rate="1" branch-rate="0" complexity="4">
              <lines>
                <line number="482" hits="2" branch="True" condition-coverage="0% (0/4)">
                  <conditions>
                    <condition number="7" type="jump" coverage="0%" />
                    <condition number="22" type="jump" coverage="0%" />
                  </conditions>
                </line>
              </lines>
            </method>
          </methods>
          <lines>
            <line number="482" hits="2" branch="True" condition-coverage="0% (0/4)">
              <conditions>
                <condition number="7" type="jump" coverage="0%" />
                <condition number="22" type="jump" coverage="0%" />
              </conditions>
            </line>
          </lines>
        </class>
        <class name="RunnerTasks.DockerDotNetRunnerService/&lt;RegisterAsync&gt;d__13" filename="DockerDotNetRunnerService.cs" line-rate="0.7422" branch-rate="0.4266" complexity="150">
          <methods>
            <method name="MoveNext" signature="()" line-rate="0.7422" branch-rate="0.4266" complexity="150">
              <lines>
                <line number="210" hits="4" branch="False" />
                <line number="211" hits="4" branch="False" />
                <line number="212" hits="4" branch="True" condition-coverage="100% (2/2)">
                  <conditions>
                    <condition number="195" type="jump" coverage="100%" />
                  </conditions>
                </line>
                <line number="213" hits="1" branch="False" />
                <line number="214" hits="1" branch="True" condition-coverage="50% (1/2)">
                  <conditions>
                    <condition number="213" type="jump" coverage="50%" />
                  </conditions>
                </line>
                <line number="217" hits="1" branch="False" />
                <line number="218" hits="1" branch="False" />
                <line number="219" hits="1" branch="False" />
                <line number="223" hits="3" branch="True" condition-coverage="50% (1/2)">
                  <conditions>
                    <condition number="476" type="jump" coverage="50%" />
                  </conditions>
                </line>
                <line number="224" hits="0" branch="False" />
                <line number="225" hits="0" branch="True" condition-coverage="0% (0/2)">
                  <conditions>
                    <condition number="491" type="jump" coverage="0%" />
                  </conditions>
                </line>
                <line number="226" hits="0" branch="False" />
                <line number="229" hits="3" branch="True" condition-coverage="50% (1/2)">
                  <conditions>
                    <condition number="527" type="jump" coverage="50%" />
                  </conditions>
                </line>
                <line number="230" hits="3" branch="False" />
                <line number="231" hits="3" branch="False" />
                <line number="232" hits="3" branch="False" />
                <line number="233" hits="3" branch="False" />
                <line number="234" hits="3" branch="False" />
                <line number="235" hits="3" branch="False" />
                <line number="236" hits="3" branch="False" />
                <line number="237" hits="3" branch="False" />
                <line number="239" hits="3" branch="True" condition-coverage="100% (2/2)">
                  <conditions>
                    <condition number="831" type="jump" coverage="100%" />
                  </conditions>
                </line>
                <line number="240" hits="3" branch="False" />
                <line number="241" hits="3" branch="False" />
                <line number="242" hits="3" branch="False" />
                <line number="243" hits="3" branch="False" />
                <line number="244" hits="3" branch="False" />
                <line number="245" hits="3" branch="False" />
                <line number="246" hits="3" branch="False" />
                <line number="247" hits="3" branch="False" />
                <line number="248" hits="3" branch="False" />
                <line number="249" hits="3" branch="False" />
                <line number="250" hits="3" branch="False" />
                <line number="251" hits="3" branch="False" />
                <line number="252" hits="3" branch="False" />
                <line number="253" hits="3" branch="False" />
                <line number="256" hits="3" branch="False" />
                <line number="257" hits="3" branch="True" condition-coverage="50% (1/2)">
                  <conditions>
                    <condition number="1062" type="jump" coverage="50%" />
                  </conditions>
                </line>
                <line number="258" hits="3" branch="False" />
                <line number="259" hits="3" branch="False" />
                <line number="260" hits="3" branch="False" />
                <line number="261" hits="3" branch="False" />
                <line number="262" hits="3" branch="False" />
                <line number="263" hits="3" branch="False" />
                <line number="264" hits="3" branch="False" />
                <line number="265" hits="3" branch="False" />
                <line number="266" hits="3" branch="False" />
                <line number="267" hits="3" branch="False" />
                <line number="268" hits="3" branch="False" />
                <line number="269" hits="3" branch="False" />
                <line number="270" hits="3" branch="False" />
                <line number="271" hits="3" branch="False" />
                <line number="272" hits="3" branch="False" />
                <line number="273" hits="3" branch="False" />
                <line number="275" hits="3" branch="True" condition-coverage="75% (3/4)">
                  <conditions>
                    <condition number="1567" type="jump" coverage="50%" />
                    <condition number="1941" type="jump" coverage="100%" />
                  </conditions>
                </line>
                <line number="276" hits="3" branch="False" />
                <line number="277" hits="3" branch="False" />
                <line number="278" hits="3" branch="False" />
                <line number="279" hits="3" branch="False" />
                <line number="281" hits="3" branch="False" />
                <line number="282" hits="3" branch="False" />
                <line number="283" hits="3" branch="False" />
                <line number="284" hits="3" branch="True" condition-coverage="37.5% (6/16)">
                  <conditions>
                    <condition number="2062" type="jump" coverage="100%" />
                    <condition number="2134" type="jump" coverage="100%" />
                    <condition number="2216" type="jump" coverage="100%" />
                    <condition number="2378" type="jump" coverage="0%" />
                    <condition number="2439" type="jump" coverage="0%" />
                    <condition number="2517" type="jump" coverage="0%" />
                    <condition number="2550" type="jump" coverage="0%" />
                    <condition number="2636" type="jump" coverage="0%" />
                  </conditions>
                </line>
                <line number="285" hits="0" branch="False" />
                <line number="286" hits="0" branch="True" condition-coverage="0% (0/4)">
                  <conditions>
                    <condition number="2755" type="jump" coverage="0%" />
                    <condition number="2816" type="jump" coverage="0%" />
                  </conditions>
                </line>
                <line number="287" hits="0" branch="True" condition-coverage="0% (0/8)">
                  <conditions>
                    <condition number="2919" type="jump" coverage="0%" />
                    <condition number="2980" type="jump" coverage="0%" />
                    <condition number="3082" type="jump" coverage="0%" />
                    <condition number="3143" type="jump" coverage="0%" />
                  </conditions>
                </line>
                <line number="288" hits="0" branch="True" condition-coverage="0% (0/2)">
                  <conditions>
                    <condition number="3252" type="jump" coverage="0%" />
                  </conditions>
                </line>
                <line number="289" hits="0" branch="True" condition-coverage="0% (0/2)">
                  <conditions>
                    <condition number="3272" type="jump" coverage="0%" />
                  </conditions>
                </line>
                <line number="290" hits="0" branch="False" />
                <line number="291" hits="0" branch="True" condition-coverage="0% (0/2)">
                  <conditions>
                    <condition number="3343" type="jump" coverage="0%" />
                  </conditions>
                </line>
                <line number="292" hits="0" branch="False" />
                <line number="293" hits="0" branch="False" />
                <line number="294" hits="0" branch="False" />
                <line number="295" hits="0" branch="False" />
                <line number="296" hits="3" branch="False" />
                <line number="297" hits="3" branch="False" />
                <line number="298" hits="3" branch="True" condition-coverage="50% (1/2)">
                  <conditions>
                    <condition number="3451" type="jump" coverage="50%" />
                  </conditions>
                </line>
                <line number="299" hits="3" branch="False" />
                <line number="300" hits="3" branch="False" />
                <line number="303" hits="3" branch="True" condition-coverage="50% (1/2)">
                  <conditions>
                    <condition number="3541" type="jump" coverage="50%" />
                  </conditions>
                </line>
                <line number="304" hits="3" branch="False" />
                <line number="305" hits="3" branch="False" />
                <line number="306" hits="3" branch="False" />
                <line number="307" hits="3" branch="False" />
                <line number="308" hits="3" branch="False" />
                <line number="309" hits="3" branch="False" />
                <line number="310" hits="3" branch="False" />
                <line number="311" hits="3" branch="False" />
                <line number="312" hits="3" branch="False" />
                <line number="313" hits="3" branch="False" />
                <line number="314" hits="3" branch="False" />
                <line number="315" hits="3" branch="False" />
                <line number="316" hits="3" branch="False" />
                <line number="317" hits="3" branch="False" />
                <line number="320" hits="3" branch="True" condition-coverage="75% (3/4)">
                  <conditions>
                    <condition number="4070" type="jump" coverage="50%" />
                    <condition number="4460" type="jump" coverage="100%" />
                  </conditions>
                </line>
                <line number="321" hits="3" branch="False" />
                <line number="322" hits="3" branch="False" />
                <line number="323" hits="3" branch="False" />
                <line number="324" hits="3" branch="False" />
                <line number="325" hits="3" branch="False" />
                <line number="326" hits="3" branch="False" />
                <line number="328" hits="3" branch="False" />
                <line number="345" hits="3" branch="False" />
                <line number="365" hits="3" branch="False" />
                <line number="366" hits="3" branch="False" />
                <line number="370" hits="3" branch="False" />
                <line number="371" hits="3" branch="True" condition-coverage="50% (1/2)">
                  <conditions>
                    <condition number="4904" type="jump" coverage="50%" />
                  </conditions>
                </line>
                <line number="372" hits="3" branch="False" />
                <line number="373" hits="3" branch="False" />
                <line number="374" hits="3" branch="True" condition-coverage="100% (2/2)">
                  <conditions>
                    <condition number="5285" type="jump" coverage="100%" />
                  </conditions>
                </line>
                <line number="375" hits="3" branch="False" />
                <line number="377" hits="3" branch="False" />
                <line number="378" hits="3" branch="False" />
                <line number="379" hits="3" branch="True" condition-coverage="100% (2/2)">
                  <conditions>
                    <condition number="5323" type="jump" coverage="100%" />
                  </conditions>
                </line>
                <line number="380" hits="1" branch="False" />
                <line number="381" hits="1" branch="True" condition-coverage="50% (1/2)">
                  <conditions>
                    <condition number="5338" type="jump" coverage="50%" />
                  </conditions>
                </line>
                <line number="382" hits="1" branch="False" />
                <line number="383" hits="3" branch="False" />
                <line number="384" hits="0" branch="False" />
                <line number="385" hits="0" branch="False" />
                <line number="386" hits="0" branch="True" condition-coverage="0% (0/2)">
                  <conditions>
                    <condition number="5401" type="jump" coverage="0%" />
                  </conditions>
                </line>
                <line number="387" hits="0" branch="False" />
                <line number="388" hits="3" branch="False" />
                <line number="389" hits="3" branch="False" />
                <line number="390" hits="0" branch="False" />
[...]
            <line number="702" hits="1" branch="False" />
            <line number="703" hits="1" branch="False" />
            <line number="704" hits="1" branch="False" />
            <line number="705" hits="1" branch="True" condition-coverage="50% (1/2)">
              <conditions>
                <condition number="4510" type="jump" coverage="50%" />
              </conditions>
            </line>
            <line number="706" hits="1" branch="False" />
            <line number="708" hits="2" branch="False" />
            <line number="709" hits="2" branch="False" />
            <line number="710" hits="2" branch="False" />
            <line number="712" hits="2" branch="False" />
            <line number="713" hits="2" branch="False" />
          </lines>
        </class>
        <class name="RunnerTasks.RunnerManager" filename="RunnerManager.cs" line-rate="1" branch-rate="1" complexity="4">
          <methods>
            <method name="StartRunnerStackAsync" signature="(System.String[],System.Threading.CancellationToken)" line-rate="1" branch-rate="1" complexity="1">
              <lines>
                <line number="71" hits="7" branch="False" />
              </lines>
            </method>
            <method name="StopRunnerStackAsync" signature="(System.Threading.CancellationToken)" line-rate="1" branch-rate="1" complexity="1">
              <lines>
                <line number="74" hits="5" branch="False" />
              </lines>
            </method>
            <method name=".ctor" signature="(RunnerTasks.IRunnerService,Microsoft.Extensions.Logging.ILogger`1&lt;RunnerTasks.RunnerManager&gt;)" line-rate="1" branch-rate="1" complexity="2">
              <lines>
                <line number="21" hits="19" branch="False" />
                <line number="22" hits="19" branch="False" />
                <line number="23" hits="19" branch="True" condition-coverage="100% (2/2)">
                  <conditions>
                    <condition number="11" type="jump" coverage="100%" />
                  </conditions>
                </line>
                <line number="24" hits="18" branch="False" />
                <line number="25" hits="18" branch="False" />
              </lines>
            </method>
          </methods>
          <lines>
            <line number="71" hits="7" branch="False" />
            <line number="74" hits="5" branch="False" />
            <line number="21" hits="19" branch="False" />
            <line number="22" hits="19" branch="False" />
            <line number="23" hits="19" branch="True" condition-coverage="100% (2/2)">
              <conditions>
                <condition number="11" type="jump" coverage="100%" />
              </conditions>
            </line>
            <line number="24" hits="18" branch="False" />
            <line number="25" hits="18" branch="False" />
          </lines>
        </class>
        <class name="RunnerTasks.RunnerManager/&lt;&gt;c" filename="RunnerManager.cs" line-rate="1" branch-rate="0.5" complexity="2">
          <methods>
            <method name="&lt;OrchestrateStartAsync&gt;b__6_0" signature="(System.String)" line-rate="1" branch-rate="0.5" complexity="2">
              <lines>
                <line number="86" hits="16" branch="True" condition-coverage="50% (1/2)">
                  <conditions>
                    <condition number="1" type="jump" coverage="50%" />
                  </conditions>
                </line>
              </lines>
            </method>
          </methods>
          <lines>
            <line number="86" hits="16" branch="True" condition-coverage="50% (1/2)">
              <conditions>
                <condition number="1" type="jump" coverage="50%" />
              </conditions>
            </line>
          </lines>
        </class>
        <class name="RunnerTasks.RunnerManager/&lt;OrchestrateStartAsync&gt;d__6" filename="RunnerManager.cs" line-rate="1" branch-rate="0.7726999999999999" complexity="22">
          <methods>
            <method name="MoveNext" signature="()" line-rate="1" branch-rate="0.7726999999999999" complexity="22">
              <lines>
                <line number="79" hits="9" branch="False" />
                <line number="80" hits="9" branch="True" condition-coverage="100% (2/2)">
                  <conditions>
                    <condition number="40" type="jump" coverage="100%" />
                  </conditions>
                </line>
                <line number="81" hits="1" branch="False" />
                <line number="82" hits="1" branch="True" condition-coverage="50% (1/2)">
                  <conditions>
                    <condition number="55" type="jump" coverage="50%" />
                  </conditions>
                </line>
                <line number="83" hits="1" branch="False" />
                <line number="87" hits="1" branch="False" />
                <line number="88" hits="1" branch="True" condition-coverage="50% (1/2)">
                  <conditions>
                    <condition number="149" type="jump" coverage="50%" />
                  </conditions>
                </line>
                <line number="89" hits="1" branch="False" />
                <line number="92" hits="7" branch="True" condition-coverage="100% (2/2)">
                  <conditions>
                    <condition number="198" type="jump" coverage="100%" />
                  </conditions>
                </line>
                <line number="94" hits="7" branch="False" />
                <line number="95" hits="7" branch="True" condition-coverage="100% (2/2)">
                  <conditions>
                    <condition number="410" type="jump" coverage="100%" />
                  </conditions>
                </line>
                <line number="96" hits="1" branch="False" />
                <line number="97" hits="1" branch="True" condition-coverage="50% (1/2)">
                  <conditions>
                    <condition number="425" type="jump" coverage="50%" />
                  </conditions>
                </line>
                <line number="98" hits="1" branch="False" />
                <line number="101" hits="6" branch="True" condition-coverage="100% (2/2)">
                  <conditions>
                    <condition number="480" type="jump" coverage="100%" />
                  </conditions>
                </line>
                <line number="102" hits="6" branch="False" />
                <line number="103" hits="5" branch="True" condition-coverage="100% (2/2)">
                  <conditions>
                    <condition number="658" type="jump" coverage="100%" />
                  </conditions>
                </line>
                <line number="104" hits="1" branch="False" />
                <line number="105" hits="1" branch="True" condition-coverage="50% (1/2)">
                  <conditions>
                    <condition number="673" type="jump" coverage="50%" />
                  </conditions>
                </line>
                <line number="106" hits="1" branch="False" />
                <line number="108" hits="4" branch="False" />
                <line number="109" hits="4" branch="True" condition-coverage="50% (1/2)">
                  <conditions>
                    <condition number="710" type="jump" coverage="50%" />
                  </conditions>
                </line>
                <line number="110" hits="4" branch="False" />
                <line number="112" hits="5" branch="False" />
                <line number="113" hits="6" branch="False" />
              </lines>
            </method>
          </methods>
          <lines>
            <line number="79" hits="9" branch="False" />
            <line number="80" hits="9" branch="True" condition-coverage="100% (2/2)">
              <conditions>
                <condition number="40" type="jump" coverage="100%" />
              </conditions>
            </line>
            <line number="81" hits="1" branch="False" />
            <line number="82" hits="1" branch="True" condition-coverage="50% (1/2)">
              <conditions>
                <condition number="55" type="jump" coverage="50%" />
              </conditions>
            </line>
            <line number="83" hits="1" branch="False" />
            <line number="87" hits="1" branch="False" />
            <line number="88" hits="1" branch="True" condition-coverage="50% (1/2)">
              <conditions>
                <condition number="149" type="jump" coverage="50%" />
              </conditions>
            </line>
            <line number="89" hits="1" branch="False" />
            <line number="92" hits="7" branch="True" condition-coverage="100% (2/2)">
              <conditions>
                <condition number="198" type="jump" coverage="100%" />
              </conditions>
            </line>
            <line number="94" hits="7" branch="False" />
            <line number="95" hits="7" branch="True" condition-coverage="100% (2/2)">
              <conditions>
                <condition number="410" type="jump" coverage="100%" />
              </conditions>
            </line>
            <line number="96" hits="1" branch="False" />
            <line number="97" hits="1" branch="True" condition-coverage="50% (1/2)">
              <conditions>
                <condition number="425" type="jump" coverage="50%" />
              </conditions>
            </line>
            <line number="98" hits="1" branch="False" />
            <line number="101" hits="6" branch="True" condition-coverage="100% (2/2)">
              <conditions>
                <condition number="480" type="jump" coverage="100%" />
              </conditions>
            </line>
            <line number="102" hits="6" branch="False" />
            <line number="103" hits="5" branch="True" condition-coverage="100% (2/2)">
              <conditions>
                <condition number="658" type="jump" coverage="100%" />
              </conditions>
            </line>
            <line number="104" hits="1" branch="False" />
            <line number="105" hits="1" branch="True" condition-coverage="50% (1/2)">
              <conditions>
                <condition number="673" type="jump" coverage="50%" />
              </conditions>
            </line>
            <line number="106" hits="1" branch="False" />
            <line number="108" hits="4" branch="False" />
            <line number="109" hits="4" branch="True" condition-coverage="50% (1/2)">
              <conditions>
                <condition number="710" type="jump" coverage="50%" />
              </conditions>
            </line>
            <line number="110" hits="4" branch="False" />
            <line number="112" hits="5" branch="False" />
            <line number="113" hits="6" branch="False" />
          </lines>
        </class>
        <class name="RunnerTasks.RunnerManager/&lt;OrchestrateStopAsync&gt;d__7" filename="RunnerManager.cs" line-rate="1" branch-rate="0.5" complexity="2">
          <methods>
            <method name="MoveNext" signature="()" line-rate="1" branch-rate="0.5" complexity="2">
              <lines>
                <line number="116" hits="4" branch="False" />
                <line number="119" hits="4" branch="False" />
                <line number="120" hits="4" branch="False" />
                <line number="121" hits="3" branch="False" />
                <line number="122" hits="1" branch="False" />
                <line number="123" hits="1" branch="False" />
                <line number="124" hits="1" branch="True" condition-coverage="50% (1/2)">
                  <conditions>
                    <condition number="183" type="jump" coverage="50%" />
                  </conditions>
                </line>
                <line number="125" hits="1" branch="False" />
                <line number="127" hits="4" branch="False" />
                <line number="128" hits="4" branch="False" />
              </lines>
            </method>
          </methods>
          <lines>
            <line number="116" hits="4" branch="False" />
            <line number="119" hits="4" branch="False" />
            <line number="120" hits="4" branch="False" />
            <line number="121" hits="3" branch="False" />
            <line number="122" hits="1" branch="False" />
            <line number="123" hits="1" branch="False" />
            <line number="124" hits="1" branch="True" condition-coverage="50% (1/2)">
              <conditions>
                <condition number="183" type="jump" coverage="50%" />
              </conditions>
            </line>
            <line number="125" hits="1" branch="False" />
            <line number="127" hits="4" branch="False" />
            <line number="128" hits="4" branch="False" />
          </lines>
        </class>
        <class name="RunnerTasks.RunnerManager/&lt;StartWithRetriesAsync&gt;d__3" filename="RunnerManager.cs" line-rate="0.8709" branch-rate="0.75" complexity="16">
          <methods>
            <method name="MoveNext" signature="()" line-rate="0.8709" branch-rate="0.75" complexity="16">
              <lines>
                <line number="28" hits="14" branch="False" />
                <line number="29" hits="15" branch="True" condition-coverage="100% (2/2)">
                  <conditions>
                    <condition number="40" type="jump" coverage="100%" />
                  </conditions>
                </line>
                <line number="30" hits="56" branch="True" condition-coverage="100% (2/2)">
                  <conditions>
                    <condition number="735" type="jump" coverage="100%" />
                  </conditions>
                </line>
                <line number="31" hits="25" branch="False" />
                <line number="32" hits="25" branch="False" />
                <line number="36" hits="25" branch="False" />
                <line number="37" hits="25" branch="True" condition-coverage="100% (2/2)">
                  <conditions>
                    <condition number="102" type="jump" coverage="100%" />
                  </conditions>
                </line>
                <line number="38" hits="25" branch="False" />
                <line number="39" hits="19" branch="False" />
                <line number="40" hits="1" branch="False" />
                <line number="41" hits="1" branch="False" />
                <line number="42" hits="1" branch="True" condition-coverage="50% (1/2)">
                  <conditions>
                    <condition number="322" type="jump" coverage="50%" />
                  </conditions>
                </line>
                <line number="43" hits="1" branch="False" />
                <line number="45" hits="5" branch="False" />
                <line number="46" hits="5" branch="False" />
                <line number="48" hits="5" branch="True" condition-coverage="50% (1/2)">
                  <conditions>
                    <condition number="383" type="jump" coverage="50%" />
                  </conditions>
                </line>
                <line number="49" hits="5" branch="False" />
                <line number="50" hits="5" branch="False" />
                <line number="52" hits="33" branch="True" condition-coverage="100% (2/2)">
                  <conditions>
                    <condition number="445" type="jump" coverage="100%" />
                  </conditions>
                </line>
                <line number="54" hits="15" branch="False" />
                <line number="56" hits="15" branch="False" />
                <line number="57" hits="15" branch="True" condition-coverage="100% (2/2)">
                  <conditions>
                    <condition number="498" type="jump" coverage="100%" />
                  </conditions>
                </line>
                <line number="58" hits="15" branch="False" />
                <line number="59" hits="15" branch="False" />
                <line number="60" hits="0" branch="False" />
                <line number="61" hits="0" branch="False" />
                <line number="63" hits="0" branch="True" condition-coverage="0% (0/2)">
                  <conditions>
                    <condition number="672" type="jump" coverage="0%" />
                  </conditions>
                </line>
                <line number="64" hits="0" branch="False" />
                <line number="66" hits="15" branch="False" />
                <line number="67" hits="3" branch="False" />
                <line number="68" hits="12" branch="False" />
              </lines>
            </method>
          </methods>
          <lines>
            <line number="28" hits="14" branch="False" />
            <line number="29" hits="15" branch="True" condition-coverage="100% (2/2)">
              <conditions>
                <condition number="40" type="jump" coverage="100%" />
              </conditions>
            </line>
            <line number="30" hits="56" branch="True" condition-coverage="100% (2/2)">
              <conditions>
                <condition number="735" type="jump" coverage="100%" />
              </conditions>
            </line>
            <line number="31" hits="25" branch="False" />
            <line number="32" hits="25" branch="False" />
            <line number="36" hits="25" branch="False" />
            <line number="37" hits="25" branch="True" condition-coverage="100% (2/2)">
              <conditions>
                <condition number="102" type="jump" coverage="100%" />
              </conditions>
            </line>
            <line number="38" hits="25" branch="False" />
            <line number="39" hits="19" branch="False" />
            <line number="40" hits="1" branch="False" />
            <line number="41" hits="1" branch="False" />
            <line number="42" hits="1" branch="True" condition-coverage="50% (1/2)">
              <conditions>
                <condition number="322" type="jump" coverage="50%" />
              </conditions>
            </line>
            <line number="43" hits="1" branch="False" />
            <line number="45" hits="5" branch="False" />
            <line number="46" hits="5" branch="False" />
            <line number="48" hits="5" branch="True" condition-coverage="50% (1/2)">
              <conditions>
                <condition number="383" type="jump" coverage="50%" />
              </conditions>
            </line>
            <line number="49" hits="5" branch="False" />
            <line number="50" hits="5" branch="False" />
            <line number="52" hits="33" branch="True" condition-coverage="100% (2/2)">
              <conditions>
                <condition number="445" type="jump" coverage="100%" />
              </conditions>
            </line>
            <line number="54" hits="15" branch="False" />
            <line number="56" hits="15" branch="False" />
            <line number="57" hits="15" branch="True" condition-coverage="100% (2/2)">
              <conditions>
                <condition number="498" type="jump" coverage="100%" />
              </conditions>
            </line>
            <line number="58" hits="15" branch="False" />
            <line number="59" hits="15" branch="False" />
            <line number="60" hits="0" branch="False" />
            <line number="61" hits="0" branch="False" />
            <line number="63" hits="0" branch="True" condition-coverage="0% (0/2)">
              <conditions>
                <condition number="672" type="jump" coverage="0%" />
              </conditions>
            </line>
            <line number="64" hits="0" branch="False" />
            <line number="66" hits="15" branch="False" />
            <line number="67" hits="3" branch="False" />
            <line number="68" hits="12" branch="False" />
          </lines>
        </class>
      </classes>
    </package>
  </packages>
</coverage>